<?xml version="1.0" encoding="UTF-8"?>
<!-- Generated by org.testng.reporters.JUnitXMLReporter -->
<testsuite ignored="0" hostname="DESKTOP-CQ5J57P" failures="0" tests="3" name="Test" time="37.33" errors="0" timestamp="2021-03-07T19:31:38 EST">
  <testcase classname="Sign_In.Enter_Email_Address" name="email_address" time="14.749"/>
  <testcase classname="Sign_In.Enter_Password" name="enter_password" time="12.314"/>
  <testcase classname="Sign_In.Click_SignIn" name="clik_signin" time="10.239"/>
</testsuite> <!-- Test -->
