<?xml version="1.0" encoding="UTF-8"?>
<!-- Generated by org.testng.reporters.JUnitXMLReporter -->
<testsuite ignored="0" hostname="DESKTOP-CQ5J57P" failures="0" tests="4" name="Default test" time="9.977" errors="0" timestamp="2021-03-06T22:05:05 EST">
  <testcase classname="Create_Account.Click_Account_Link" name="open_browser" time="1.436"/>
  <testcase classname="Create_Account.Click_Account_Link" name="click_signIN" time="1.38"/>
  <testcase classname="Create_Account.Click_Account_Link" name="email_address" time="0.083"/>
  <testcase classname="Create_Account.Click_Account_Link" name="Create_Account" time="0.1"/>
</testsuite> <!-- Default test -->
