<?xml version="1.0" encoding="UTF-8"?>
<!-- Generated by org.testng.reporters.JUnitXMLReporter -->
<testsuite ignored="0" hostname="DESKTOP-CQ5J57P" failures="0" tests="6" name="Test" time="42.861" errors="0" timestamp="2021-03-07T19:33:17 EST">
  <testcase classname="Create_Account.Click_Account_Link" name="open_browser" time="3.697"/>
  <testcase classname="Create_Account.Click_Account_Link" name="click_signIN" time="1.077"/>
  <testcase classname="Create_Account.Click_Account_Link" name="email_address" time="0.086"/>
  <testcase classname="Create_Account.Click_Account_Link" name="Create_Account" time="0.057"/>
  <testcase classname="Create_Account.Enter_Personal_Information" name="Personal_Information" time="15.539"/>
  <testcase classname="Create_Account.Select_DOB" name="DOB" time="16.736"/>
</testsuite> <!-- Test -->
